mode: set
github.com/ControlYourPotatoes/card-generator/backend/pkg/di/container.go:42.31,46.2 1 1
github.com/ControlYourPotatoes/card-generator/backend/pkg/di/container.go:49.79,50.51 1 1
github.com/ControlYourPotatoes/card-generator/backend/pkg/di/container.go:50.51,52.3 1 1
github.com/ControlYourPotatoes/card-generator/backend/pkg/di/container.go:54.2,63.12 4 1
github.com/ControlYourPotatoes/card-generator/backend/pkg/di/container.go:67.79,68.51 1 1
github.com/ControlYourPotatoes/card-generator/backend/pkg/di/container.go:68.51,70.3 1 0
github.com/ControlYourPotatoes/card-generator/backend/pkg/di/container.go:72.2,81.12 4 1
github.com/ControlYourPotatoes/card-generator/backend/pkg/di/container.go:85.63,90.13 4 1
github.com/ControlYourPotatoes/card-generator/backend/pkg/di/container.go:90.13,92.3 1 1
github.com/ControlYourPotatoes/card-generator/backend/pkg/di/container.go:95.2,95.62 1 1
github.com/ControlYourPotatoes/card-generator/backend/pkg/di/container.go:95.62,97.3 1 1
github.com/ControlYourPotatoes/card-generator/backend/pkg/di/container.go:100.2,101.16 2 1
github.com/ControlYourPotatoes/card-generator/backend/pkg/di/container.go:101.16,103.3 1 1
github.com/ControlYourPotatoes/card-generator/backend/pkg/di/container.go:106.2,106.35 1 1
github.com/ControlYourPotatoes/card-generator/backend/pkg/di/container.go:106.35,110.3 3 1
github.com/ControlYourPotatoes/card-generator/backend/pkg/di/container.go:112.2,112.22 1 1
github.com/ControlYourPotatoes/card-generator/backend/pkg/di/container.go:116.70,118.39 2 1
github.com/ControlYourPotatoes/card-generator/backend/pkg/di/container.go:118.39,120.3 1 1
github.com/ControlYourPotatoes/card-generator/backend/pkg/di/container.go:122.2,122.25 1 1
github.com/ControlYourPotatoes/card-generator/backend/pkg/di/container.go:122.25,124.3 1 1
github.com/ControlYourPotatoes/card-generator/backend/pkg/di/container.go:126.2,127.16 2 1
github.com/ControlYourPotatoes/card-generator/backend/pkg/di/container.go:127.16,129.3 1 0
github.com/ControlYourPotatoes/card-generator/backend/pkg/di/container.go:131.2,134.62 3 1
github.com/ControlYourPotatoes/card-generator/backend/pkg/di/container.go:134.62,137.3 1 0
github.com/ControlYourPotatoes/card-generator/backend/pkg/di/container.go:139.2,140.12 2 1
github.com/ControlYourPotatoes/card-generator/backend/pkg/di/container.go:144.64,146.40 2 1
github.com/ControlYourPotatoes/card-generator/backend/pkg/di/container.go:146.40,148.3 1 1
github.com/ControlYourPotatoes/card-generator/backend/pkg/di/container.go:151.2,151.31 1 1
github.com/ControlYourPotatoes/card-generator/backend/pkg/di/container.go:151.31,153.3 1 1
github.com/ControlYourPotatoes/card-generator/backend/pkg/di/container.go:156.2,156.31 1 1
github.com/ControlYourPotatoes/card-generator/backend/pkg/di/container.go:156.31,158.48 2 1
github.com/ControlYourPotatoes/card-generator/backend/pkg/di/container.go:158.48,160.4 1 1
github.com/ControlYourPotatoes/card-generator/backend/pkg/di/container.go:163.2,163.12 1 1
github.com/ControlYourPotatoes/card-generator/backend/pkg/di/container.go:167.85,173.43 4 1
github.com/ControlYourPotatoes/card-generator/backend/pkg/di/container.go:173.43,180.3 2 0
github.com/ControlYourPotatoes/card-generator/backend/pkg/di/container.go:183.2,186.46 2 1
github.com/ControlYourPotatoes/card-generator/backend/pkg/di/container.go:186.46,188.3 1 1
github.com/ControlYourPotatoes/card-generator/backend/pkg/di/container.go:190.2,190.36 1 1
github.com/ControlYourPotatoes/card-generator/backend/pkg/di/container.go:194.54,199.31 4 1
github.com/ControlYourPotatoes/card-generator/backend/pkg/di/container.go:199.31,201.3 1 1
github.com/ControlYourPotatoes/card-generator/backend/pkg/di/container.go:202.2,202.14 1 1
github.com/ControlYourPotatoes/card-generator/backend/pkg/di/container.go:206.29,211.2 3 1
github.com/ControlYourPotatoes/card-generator/backend/pkg/config/config.go:104.46,110.47 3 1
github.com/ControlYourPotatoes/card-generator/backend/pkg/config/config.go:110.47,111.58 1 1
github.com/ControlYourPotatoes/card-generator/backend/pkg/config/config.go:111.58,113.4 1 1
github.com/ControlYourPotatoes/card-generator/backend/pkg/config/config.go:117.2,120.47 2 1
github.com/ControlYourPotatoes/card-generator/backend/pkg/config/config.go:120.47,122.3 1 0
github.com/ControlYourPotatoes/card-generator/backend/pkg/config/config.go:124.2,124.20 1 1
github.com/ControlYourPotatoes/card-generator/backend/pkg/config/config.go:128.33,194.2 1 1
github.com/ControlYourPotatoes/card-generator/backend/pkg/config/config.go:197.39,198.15 1 1
github.com/ControlYourPotatoes/card-generator/backend/pkg/config/config.go:198.15,200.3 1 0
github.com/ControlYourPotatoes/card-generator/backend/pkg/config/config.go:202.2,203.69 2 1
github.com/ControlYourPotatoes/card-generator/backend/pkg/config/config.go:207.54,209.16 2 1
github.com/ControlYourPotatoes/card-generator/backend/pkg/config/config.go:209.16,211.3 1 0
github.com/ControlYourPotatoes/card-generator/backend/pkg/config/config.go:213.2,213.53 1 1
github.com/ControlYourPotatoes/card-generator/backend/pkg/config/config.go:213.53,215.3 1 1
github.com/ControlYourPotatoes/card-generator/backend/pkg/config/config.go:217.2,217.12 1 1
github.com/ControlYourPotatoes/card-generator/backend/pkg/config/config.go:221.42,223.51 1 1
github.com/ControlYourPotatoes/card-generator/backend/pkg/config/config.go:223.51,225.3 1 1
github.com/ControlYourPotatoes/card-generator/backend/pkg/config/config.go:226.2,226.51 1 1
github.com/ControlYourPotatoes/card-generator/backend/pkg/config/config.go:226.51,228.3 1 1
github.com/ControlYourPotatoes/card-generator/backend/pkg/config/config.go:229.2,229.45 1 1
github.com/ControlYourPotatoes/card-generator/backend/pkg/config/config.go:229.45,231.3 1 0
github.com/ControlYourPotatoes/card-generator/backend/pkg/config/config.go:234.2,234.51 1 1
github.com/ControlYourPotatoes/card-generator/backend/pkg/config/config.go:234.51,236.3 1 1
github.com/ControlYourPotatoes/card-generator/backend/pkg/config/config.go:237.2,237.51 1 1
github.com/ControlYourPotatoes/card-generator/backend/pkg/config/config.go:237.51,239.3 1 0
github.com/ControlYourPotatoes/card-generator/backend/pkg/config/config.go:240.2,240.51 1 1
github.com/ControlYourPotatoes/card-generator/backend/pkg/config/config.go:240.51,242.3 1 0
github.com/ControlYourPotatoes/card-generator/backend/pkg/config/config.go:243.2,243.51 1 1
github.com/ControlYourPotatoes/card-generator/backend/pkg/config/config.go:243.51,245.3 1 1
github.com/ControlYourPotatoes/card-generator/backend/pkg/config/config.go:246.2,246.51 1 1
github.com/ControlYourPotatoes/card-generator/backend/pkg/config/config.go:246.51,248.3 1 0
github.com/ControlYourPotatoes/card-generator/backend/pkg/config/config.go:249.2,249.63 1 1
github.com/ControlYourPotatoes/card-generator/backend/pkg/config/config.go:249.63,251.3 1 0
github.com/ControlYourPotatoes/card-generator/backend/pkg/config/config.go:252.2,252.57 1 1
github.com/ControlYourPotatoes/card-generator/backend/pkg/config/config.go:252.57,254.3 1 0
github.com/ControlYourPotatoes/card-generator/backend/pkg/config/config.go:257.2,257.66 1 1
github.com/ControlYourPotatoes/card-generator/backend/pkg/config/config.go:257.66,259.3 1 1
github.com/ControlYourPotatoes/card-generator/backend/pkg/config/config.go:260.2,260.65 1 1
github.com/ControlYourPotatoes/card-generator/backend/pkg/config/config.go:260.65,262.3 1 0
github.com/ControlYourPotatoes/card-generator/backend/pkg/config/config.go:263.2,263.60 1 1
github.com/ControlYourPotatoes/card-generator/backend/pkg/config/config.go:263.60,265.3 1 0
github.com/ControlYourPotatoes/card-generator/backend/pkg/config/config.go:266.2,266.57 1 1
github.com/ControlYourPotatoes/card-generator/backend/pkg/config/config.go:266.57,268.3 1 0
github.com/ControlYourPotatoes/card-generator/backend/pkg/config/config.go:271.2,271.63 1 1
github.com/ControlYourPotatoes/card-generator/backend/pkg/config/config.go:271.63,273.3 1 0
github.com/ControlYourPotatoes/card-generator/backend/pkg/config/config.go:274.2,274.66 1 1
github.com/ControlYourPotatoes/card-generator/backend/pkg/config/config.go:274.66,276.3 1 0
github.com/ControlYourPotatoes/card-generator/backend/pkg/config/config.go:277.2,277.60 1 1
github.com/ControlYourPotatoes/card-generator/backend/pkg/config/config.go:277.60,279.3 1 0
github.com/ControlYourPotatoes/card-generator/backend/pkg/config/config.go:280.2,280.72 1 1
github.com/ControlYourPotatoes/card-generator/backend/pkg/config/config.go:280.72,282.3 1 0
github.com/ControlYourPotatoes/card-generator/backend/pkg/config/config.go:283.2,283.60 1 1
github.com/ControlYourPotatoes/card-generator/backend/pkg/config/config.go:283.60,285.3 1 0
github.com/ControlYourPotatoes/card-generator/backend/pkg/config/config.go:288.2,288.51 1 1
github.com/ControlYourPotatoes/card-generator/backend/pkg/config/config.go:288.51,290.3 1 1
github.com/ControlYourPotatoes/card-generator/backend/pkg/config/config.go:291.2,291.54 1 1
github.com/ControlYourPotatoes/card-generator/backend/pkg/config/config.go:291.54,293.3 1 1
github.com/ControlYourPotatoes/card-generator/backend/pkg/config/config.go:294.2,294.54 1 1
github.com/ControlYourPotatoes/card-generator/backend/pkg/config/config.go:294.54,296.3 1 0
github.com/ControlYourPotatoes/card-generator/backend/pkg/config/config.go:300.43,302.59 1 1
github.com/ControlYourPotatoes/card-generator/backend/pkg/config/config.go:302.59,304.3 1 1
github.com/ControlYourPotatoes/card-generator/backend/pkg/config/config.go:305.2,305.30 1 1
github.com/ControlYourPotatoes/card-generator/backend/pkg/config/config.go:305.30,307.3 1 0
github.com/ControlYourPotatoes/card-generator/backend/pkg/config/config.go:310.2,311.51 2 1
github.com/ControlYourPotatoes/card-generator/backend/pkg/config/config.go:311.51,313.3 1 1
github.com/ControlYourPotatoes/card-generator/backend/pkg/config/config.go:316.2,317.55 2 1
github.com/ControlYourPotatoes/card-generator/backend/pkg/config/config.go:317.55,319.3 1 0
github.com/ControlYourPotatoes/card-generator/backend/pkg/config/config.go:322.2,322.38 1 1
github.com/ControlYourPotatoes/card-generator/backend/pkg/config/config.go:322.38,324.3 1 0
github.com/ControlYourPotatoes/card-generator/backend/pkg/config/config.go:325.2,325.39 1 1
github.com/ControlYourPotatoes/card-generator/backend/pkg/config/config.go:325.39,327.3 1 0
github.com/ControlYourPotatoes/card-generator/backend/pkg/config/config.go:328.2,328.40 1 1
github.com/ControlYourPotatoes/card-generator/backend/pkg/config/config.go:328.40,330.3 1 0
github.com/ControlYourPotatoes/card-generator/backend/pkg/config/config.go:333.2,334.53 2 1
github.com/ControlYourPotatoes/card-generator/backend/pkg/config/config.go:334.53,336.3 1 1
github.com/ControlYourPotatoes/card-generator/backend/pkg/config/config.go:338.2,338.12 1 1
github.com/ControlYourPotatoes/card-generator/backend/pkg/config/config.go:342.46,343.42 1 1
github.com/ControlYourPotatoes/card-generator/backend/pkg/config/config.go:343.42,345.3 1 1
github.com/ControlYourPotatoes/card-generator/backend/pkg/config/config.go:346.2,346.21 1 1
github.com/ControlYourPotatoes/card-generator/backend/pkg/config/config.go:349.50,350.42 1 1
github.com/ControlYourPotatoes/card-generator/backend/pkg/config/config.go:350.42,351.55 1 1
github.com/ControlYourPotatoes/card-generator/backend/pkg/config/config.go:351.55,353.4 1 1
github.com/ControlYourPotatoes/card-generator/backend/pkg/config/config.go:355.2,355.21 1 1
github.com/ControlYourPotatoes/card-generator/backend/pkg/config/config.go:358.49,359.26 1 1
github.com/ControlYourPotatoes/card-generator/backend/pkg/config/config.go:359.26,360.33 1 1
github.com/ControlYourPotatoes/card-generator/backend/pkg/config/config.go:360.33,362.4 1 1
github.com/ControlYourPotatoes/card-generator/backend/pkg/config/config.go:364.2,364.14 1 1
github.com/ControlYourPotatoes/card-generator/backend/pkg/config/config.go:368.56,369.34 1 1
github.com/ControlYourPotatoes/card-generator/backend/pkg/config/config.go:370.18,372.64 1 1
github.com/ControlYourPotatoes/card-generator/backend/pkg/config/config.go:373.16,374.63 1 1
github.com/ControlYourPotatoes/card-generator/backend/pkg/config/config.go:375.10,376.12 1 0
github.com/ControlYourPotatoes/card-generator/backend/pkg/bootstrap/bootstrap.go:22.55,25.16 2 1
github.com/ControlYourPotatoes/card-generator/backend/pkg/bootstrap/bootstrap.go:25.16,27.3 1 0
github.com/ControlYourPotatoes/card-generator/backend/pkg/bootstrap/bootstrap.go:30.2,33.72 2 1
github.com/ControlYourPotatoes/card-generator/backend/pkg/bootstrap/bootstrap.go:33.72,35.3 1 1
github.com/ControlYourPotatoes/card-generator/backend/pkg/bootstrap/bootstrap.go:35.17,37.3 1 0
github.com/ControlYourPotatoes/card-generator/backend/pkg/bootstrap/bootstrap.go:40.2,40.56 1 1
github.com/ControlYourPotatoes/card-generator/backend/pkg/bootstrap/bootstrap.go:40.56,42.3 1 0
github.com/ControlYourPotatoes/card-generator/backend/pkg/bootstrap/bootstrap.go:45.2,45.97 1 1
github.com/ControlYourPotatoes/card-generator/backend/pkg/bootstrap/bootstrap.go:45.97,47.3 1 1
github.com/ControlYourPotatoes/card-generator/backend/pkg/bootstrap/bootstrap.go:47.17,49.3 1 0
github.com/ControlYourPotatoes/card-generator/backend/pkg/bootstrap/bootstrap.go:52.2,52.96 1 1
github.com/ControlYourPotatoes/card-generator/backend/pkg/bootstrap/bootstrap.go:52.96,54.3 1 0
github.com/ControlYourPotatoes/card-generator/backend/pkg/bootstrap/bootstrap.go:56.2,59.8 1 1
github.com/ControlYourPotatoes/card-generator/backend/pkg/bootstrap/bootstrap.go:63.72,64.26 1 1
github.com/ControlYourPotatoes/card-generator/backend/pkg/bootstrap/bootstrap.go:65.16,66.70 1 1
github.com/ControlYourPotatoes/card-generator/backend/pkg/bootstrap/bootstrap.go:66.70,68.4 1 0
github.com/ControlYourPotatoes/card-generator/backend/pkg/bootstrap/bootstrap.go:69.14,71.70 1 1
github.com/ControlYourPotatoes/card-generator/backend/pkg/bootstrap/bootstrap.go:71.70,73.4 1 1
github.com/ControlYourPotatoes/card-generator/backend/pkg/bootstrap/bootstrap.go:74.18,76.70 1 0
github.com/ControlYourPotatoes/card-generator/backend/pkg/bootstrap/bootstrap.go:76.70,78.4 1 0
github.com/ControlYourPotatoes/card-generator/backend/pkg/bootstrap/bootstrap.go:79.10,80.70 1 1
github.com/ControlYourPotatoes/card-generator/backend/pkg/bootstrap/bootstrap.go:85.72,86.50 1 1
github.com/ControlYourPotatoes/card-generator/backend/pkg/bootstrap/bootstrap.go:86.50,88.3 1 1
github.com/ControlYourPotatoes/card-generator/backend/pkg/bootstrap/bootstrap.go:92.61,94.16 2 1
github.com/ControlYourPotatoes/card-generator/backend/pkg/bootstrap/bootstrap.go:94.16,96.3 1 0
github.com/ControlYourPotatoes/card-generator/backend/pkg/bootstrap/bootstrap.go:97.2,97.36 1 1
github.com/ControlYourPotatoes/card-generator/backend/pkg/bootstrap/bootstrap.go:101.77,103.16 2 1
github.com/ControlYourPotatoes/card-generator/backend/pkg/bootstrap/bootstrap.go:103.16,105.3 1 0
github.com/ControlYourPotatoes/card-generator/backend/pkg/bootstrap/bootstrap.go:106.2,106.48 1 1
github.com/ControlYourPotatoes/card-generator/backend/pkg/bootstrap/bootstrap.go:110.83,112.16 2 1
github.com/ControlYourPotatoes/card-generator/backend/pkg/bootstrap/bootstrap.go:112.16,114.3 1 0
github.com/ControlYourPotatoes/card-generator/backend/pkg/bootstrap/bootstrap.go:116.2,117.29 2 1
github.com/ControlYourPotatoes/card-generator/backend/pkg/bootstrap/bootstrap.go:121.42,123.50 1 1
github.com/ControlYourPotatoes/card-generator/backend/pkg/bootstrap/bootstrap.go:123.50,124.39 1 1
github.com/ControlYourPotatoes/card-generator/backend/pkg/bootstrap/bootstrap.go:124.39,126.4 1 0
github.com/ControlYourPotatoes/card-generator/backend/pkg/bootstrap/bootstrap.go:130.2,130.67 1 1
github.com/ControlYourPotatoes/card-generator/backend/pkg/bootstrap/bootstrap.go:130.67,132.3 1 1
github.com/ControlYourPotatoes/card-generator/backend/pkg/bootstrap/bootstrap.go:134.2,134.12 1 1
